<?xml version="1.0" encoding="UTF-8"?>
<testng-results skipped="0" failed="0" total="0" passed="0">
  <reporter-output>
  </reporter-output>
  <suite name="acya.ki.service.SignComporatorTest" duration-ms="2" started-at="2020-03-24T19:51:01Z" finished-at="2020-03-24T19:51:01Z">
    <groups>
    </groups>
    <test name="Command line test" duration-ms="2" started-at="2020-03-24T19:51:01Z" finished-at="2020-03-24T19:51:01Z">
    </test> <!-- Command line test -->
  </suite> <!-- acya.ki.service.SignComporatorTest -->
</testng-results>
